[debug] [2023-10-11T14:07:08.150Z] ----------------------------------------------------------------------
[debug] [2023-10-11T14:07:08.154Z] Command:       C:\Program Files\nodejs\node.exe C:\Users\max42\AppData\Roaming\npm\node_modules\firebase-tools\lib\bin\firebase.js init
[debug] [2023-10-11T14:07:08.154Z] CLI Version:   12.6.2
[debug] [2023-10-11T14:07:08.155Z] Platform:      win32
[debug] [2023-10-11T14:07:08.155Z] Node Version:  v18.18.0
[debug] [2023-10-11T14:07:08.156Z] Time:          Wed Oct 11 2023 19:37:08 GMT+0530 (India Standard Time)
[debug] [2023-10-11T14:07:08.156Z] ----------------------------------------------------------------------
[debug] 
[debug] [2023-10-11T14:07:08.263Z] > command requires scopes: ["email","openid","https://www.googleapis.com/auth/cloudplatformprojects.readonly","https://www.googleapis.com/auth/firebase","https://www.googleapis.com/auth/cloud-platform"]
[debug] [2023-10-11T14:07:08.265Z] > authorizing via signed-in user (kusing51@gmail.com)
[info] 
     ######## #### ########  ######## ########     ###     ######  ########
     ##        ##  ##     ## ##       ##     ##  ##   ##  ##       ##
     ######    ##  ########  ######   ########  #########  ######  ######
     ##        ##  ##    ##  ##       ##     ## ##     ##       ## ##
     ##       #### ##     ## ######## ########  ##     ##  ######  ########

You're about to initialize a Firebase project in this directory:

  K:\React_2023\MY_MAJOR_PROJECTS\food_delivery_app

Before we get started, keep in mind:

  * You are initializing within an existing Firebase project directory

